2022-08-27 20:36:02,293 [INFO] Activator:177 - 


2022-08-27 20:36:02,297 [INFO] Activator:178 - !SESSION log4j initialized
2022-08-27 20:38:45,496 [INFO] McuFinderGlobals:44 - Set McuFinder mode to 2 (CubeIDE integrated)
2022-08-27 20:38:45,631 [INFO] ApplicationProperties:181 - Using Application install path: C:\ST\STM32CubeIDE_1.10.1\STM32CubeIDE\plugins\com.st.stm32cube.common.mx_6.6.1.202207061420
2022-08-27 20:38:45,650 [INFO] DbMcusXml:77 - Set database path to: C:\ST\STM32CubeIDE_1.10.1\STM32CubeIDE\plugins\com.st.stm32cube.common.mx_6.6.1.202207061420\\db\/mcu/
2022-08-27 20:38:45,651 [INFO] ApiDb:269 - Set plugin database path to: C:\ST\STM32CubeIDE_1.10.1\STM32CubeIDE\plugins\com.st.stm32cube.common.mx_6.6.1.202207061420\\db\/plugins/boardmanager/
2022-08-27 20:38:45,680 [WARN] ApiDb:254 - Overriding images path with different value:  => C:\ST\STM32CubeIDE_1.10.1\STM32CubeIDE\plugins\com.st.stm32cube.common.mx_6.6.1.202207061420\\db\/plugins/mcufinder/images/
2022-08-27 20:38:45,697 [INFO] ApiDb:249 - Set database path to: C:\Users\DELL\.stmcufinder\plugins\mcufinder//mcu/
2022-08-27 20:38:45,699 [INFO] DbMcusAds:124 - Set database path to: C:\Users\DELL\.stmcufinder\plugins\mcufinder//mcu/
2022-08-27 20:38:45,723 [INFO] CrossReferenceDbSqlite:201 - Set database path to: C:\Users\DELL\.stmcufinder\plugins\mcufinder//mcu/cs/
2022-08-27 20:38:45,848 [INFO] RulesReader:61 - Compatibility file has been processed (282 Rules)
2022-08-27 20:38:45,993 [INFO] DbMcusXml:77 - Set database path to: C:\ST\STM32CubeIDE_1.10.1\STM32CubeIDE\plugins\com.st.stm32cube.common.mx_6.6.1.202207061420\\db\/mcu/
2022-08-27 20:38:45,993 [INFO] ApiDb:269 - Set plugin database path to: C:\ST\STM32CubeIDE_1.10.1\STM32CubeIDE\plugins\com.st.stm32cube.common.mx_6.6.1.202207061420\\db\/plugins/boardmanager/
2022-08-27 20:38:45,994 [INFO] ApiDb:256 - Set plugin images path to: C:\ST\STM32CubeIDE_1.10.1\STM32CubeIDE\plugins\com.st.stm32cube.common.mx_6.6.1.202207061420\\db\/plugins/mcufinder/images/
2022-08-27 20:38:45,994 [WARN] DbFile:40 - Overriding database path with different value: C:\Users\DELL\.stmcufinder\plugins\mcufinder/ => C:\Users\DELL\.stmcufinder\plugins\mcufinder
2022-08-27 20:38:45,994 [INFO] ApiDb:249 - Set database path to: C:\Users\DELL\.stmcufinder\plugins\mcufinder//mcu/
2022-08-27 20:38:45,995 [WARN] DbFile:40 - Overriding database path with different value: C:\Users\DELL\.stmcufinder\plugins\mcufinder/ => C:\Users\DELL\.stmcufinder\plugins\mcufinder
2022-08-27 20:38:45,995 [INFO] DbMcusAds:124 - Set database path to: C:\Users\DELL\.stmcufinder\plugins\mcufinder//mcu/
2022-08-27 20:38:45,996 [WARN] DbFile:40 - Overriding database path with different value: C:\Users\DELL\.stmcufinder\plugins\mcufinder/ => C:\Users\DELL\.stmcufinder\plugins\mcufinder
2022-08-27 20:38:45,996 [WARN] DbFile:40 - Overriding database path with different value: C:\Users\DELL\.stmcufinder\plugins\mcufinder/ => C:\Users\DELL\.stmcufinder\plugins\mcufinder
2022-08-27 20:38:45,997 [INFO] CrossReferenceDbSqlite:201 - Set database path to: C:\Users\DELL\.stmcufinder\plugins\mcufinder//mcu/cs/
2022-08-27 20:38:46,103 [INFO] MainPanel:242 - HeapMemory: 368050176
2022-08-27 20:38:46,205 [INFO] DbMcusXml:77 - Set database path to: C:\ST\STM32CubeIDE_1.10.1\STM32CubeIDE\plugins\com.st.stm32cube.common.mx_6.6.1.202207061420\\db\/mcu/
2022-08-27 20:38:46,205 [INFO] ApiDb:269 - Set plugin database path to: C:\ST\STM32CubeIDE_1.10.1\STM32CubeIDE\plugins\com.st.stm32cube.common.mx_6.6.1.202207061420\\db\/plugins/boardmanager/
2022-08-27 20:38:46,205 [INFO] ApiDb:256 - Set plugin images path to: C:\ST\STM32CubeIDE_1.10.1\STM32CubeIDE\plugins\com.st.stm32cube.common.mx_6.6.1.202207061420\\db\/plugins/mcufinder/images/
2022-08-27 20:38:46,206 [WARN] DbFile:40 - Overriding database path with different value: C:\Users\DELL\.stmcufinder\plugins\mcufinder/ => C:\Users\DELL\.stmcufinder\plugins\mcufinder
2022-08-27 20:38:46,206 [INFO] ApiDb:249 - Set database path to: C:\Users\DELL\.stmcufinder\plugins\mcufinder//mcu/
2022-08-27 20:38:46,206 [WARN] DbFile:40 - Overriding database path with different value: C:\Users\DELL\.stmcufinder\plugins\mcufinder/ => C:\Users\DELL\.stmcufinder\plugins\mcufinder
2022-08-27 20:38:46,206 [INFO] DbMcusAds:124 - Set database path to: C:\Users\DELL\.stmcufinder\plugins\mcufinder//mcu/
2022-08-27 20:38:46,206 [WARN] DbFile:40 - Overriding database path with different value: C:\Users\DELL\.stmcufinder\plugins\mcufinder/ => C:\Users\DELL\.stmcufinder\plugins\mcufinder
2022-08-27 20:38:46,207 [WARN] DbFile:40 - Overriding database path with different value: C:\Users\DELL\.stmcufinder\plugins\mcufinder/ => C:\Users\DELL\.stmcufinder\plugins\mcufinder
2022-08-27 20:38:46,207 [INFO] CrossReferenceDbSqlite:201 - Set database path to: C:\Users\DELL\.stmcufinder\plugins\mcufinder//mcu/cs/
2022-08-27 20:38:46,271 [INFO] ApplicationProperties:181 - Using Application install path: C:\ST\STM32CubeIDE_1.10.1\STM32CubeIDE\plugins\com.st.stm32cube.common.mx_6.6.1.202207061420
2022-08-27 20:38:46,272 [INFO] PluginManage:193 - Search for loadable plugins [exclusion list=, ]
2022-08-27 20:38:46,274 [INFO] PluginManage:307 - Check plugin analytics
2022-08-27 20:38:46,512 [INFO] AnalyticsPlugin:262 - Accepted Software Licenses: 
2022-08-27 20:38:46,513 [INFO] AnalyticsPlugin:264 - Accepted CMSIS Pack Licenses: 
2022-08-27 20:38:46,513 [INFO] AnalyticsPlugin:266 - Accepted Firmware Licenses: FW.F4.1.27.0
2022-08-27 20:38:46,526 [INFO] PluginManage:356 - Loaded plugin analytics (category:tool,tabindex:-1)
2022-08-27 20:38:46,527 [INFO] PluginManage:307 - Check plugin cadmodel
2022-08-27 20:38:46,531 [INFO] CADModel:65 - Init CAD model plugin
2022-08-27 20:38:46,531 [INFO] PluginManage:356 - Loaded plugin cadmodel (category:power,tabindex:5)
2022-08-27 20:38:46,531 [INFO] PluginManage:307 - Check plugin clock
2022-08-27 20:38:46,542 [INFO] PluginManage:356 - Loaded plugin clock (category:base,tabindex:2)
2022-08-27 20:38:46,542 [INFO] PluginManage:307 - Check plugin ddr
2022-08-27 20:38:46,546 [INFO] PluginManage:356 - Loaded plugin ddr (category:tool,tabindex:6)
2022-08-27 20:38:46,546 [INFO] PluginManage:307 - Check plugin filemanager
2022-08-27 20:38:46,750 [INFO] PluginManage:356 - Loaded plugin filemanager (category:base,tabindex:10)
2022-08-27 20:38:46,750 [INFO] PluginManage:307 - Check plugin ipmanager
2022-08-27 20:38:46,765 [INFO] PluginManage:356 - Loaded plugin ipmanager (category:base,tabindex:5)
2022-08-27 20:38:46,765 [INFO] PluginManage:307 - Check plugin lpbam
2022-08-27 20:38:46,778 [INFO] PluginManage:356 - Loaded plugin lpbam (category:base,tabindex:0)
2022-08-27 20:38:46,779 [INFO] PluginManage:307 - Check plugin pinoutandconfiguration
2022-08-27 20:38:46,791 [INFO] PluginManage:356 - Loaded plugin pinoutandconfiguration (category:base,tabindex:1)
2022-08-27 20:38:46,792 [INFO] PluginManage:307 - Check plugin pinoutconfig
2022-08-27 20:38:46,851 [INFO] PluginManage:356 - Loaded plugin pinoutconfig (category:base,tabindex:0)
2022-08-27 20:38:46,851 [INFO] PluginManage:307 - Check plugin power
2022-08-27 20:38:46,866 [INFO] PluginManage:356 - Loaded plugin power (category:power,tabindex:4)
2022-08-27 20:38:46,867 [INFO] PluginManage:307 - Check plugin projectmanager
2022-08-27 20:38:46,892 [INFO] PluginManage:356 - Loaded plugin projectmanager (category:projectmanager,tabindex:3)
2022-08-27 20:38:46,893 [INFO] PluginManage:307 - Check plugin thirdparty
2022-08-27 20:38:47,161 [INFO] PluginManage:356 - Loaded plugin thirdparty (category:base,tabindex:-1)
2022-08-27 20:38:47,161 [WARN] IntegrityCheckThread:82 - waiting for thirdparty lock release [integrity check]
2022-08-27 20:38:47,161 [INFO] PluginManage:307 - Check plugin tools
2022-08-27 20:38:47,162 [INFO] IntegrityCheckThread:84 - entering critical section [integrity check]
2022-08-27 20:38:47,166 [INFO] ThirdPartyUpdaterWithRetryManager:70 - Updater plugin not ready yet. [1/15]
2022-08-27 20:38:47,167 [INFO] PluginManage:356 - Loaded plugin tools (category:base,tabindex:7)
2022-08-27 20:38:47,168 [INFO] PluginManage:307 - Check plugin tutovideos
2022-08-27 20:38:47,494 [INFO] PluginManage:356 - Loaded plugin tutovideos (category:base,tabindex:-1)
2022-08-27 20:38:47,495 [INFO] PluginManage:307 - Check plugin updater
2022-08-27 20:38:47,524 [INFO] PluginManage:356 - Loaded plugin updater (category:base,tabindex:12)
2022-08-27 20:38:47,525 [INFO] PluginManage:280 - PluginManage : Loaded plugins [15]
2022-08-27 20:38:47,834 [INFO] PinOutPanel:1468 - setPackage(No Configuration,No Configuration)
2022-08-27 20:38:47,909 [INFO] CADModel:98 - CPN selected for project level
2022-08-27 20:38:47,929 [INFO] IPUIPlugin:79 - create IPUIPlugin
2022-08-27 20:38:47,929 [INFO] PluginManager:217 - loadIPPluginJar : add adc
2022-08-27 20:38:47,933 [INFO] IPUIPlugin:79 - create IPUIPlugin
2022-08-27 20:38:47,933 [INFO] PluginManager:217 - loadIPPluginJar : add aes
2022-08-27 20:38:47,936 [INFO] IPUIPlugin:79 - create IPUIPlugin
2022-08-27 20:38:47,936 [INFO] PluginManager:217 - loadIPPluginJar : add can
2022-08-27 20:38:47,938 [INFO] IPUIPlugin:79 - create IPUIPlugin
2022-08-27 20:38:47,938 [INFO] PluginManager:217 - loadIPPluginJar : add comp
2022-08-27 20:38:47,941 [INFO] IPUIPlugin:79 - create IPUIPlugin
2022-08-27 20:38:47,941 [INFO] PluginManager:217 - loadIPPluginJar : add cryp
2022-08-27 20:38:47,944 [INFO] IPUIPlugin:79 - create IPUIPlugin
2022-08-27 20:38:47,945 [INFO] PluginManager:217 - loadIPPluginJar : add dfsdm
2022-08-27 20:38:47,951 [INFO] IPUIPlugin:79 - create IPUIPlugin
2022-08-27 20:38:47,952 [INFO] PluginManager:217 - loadIPPluginJar : add dma
2022-08-27 20:38:47,956 [INFO] IPUIPlugin:79 - create IPUIPlugin
2022-08-27 20:38:47,957 [INFO] PluginManager:217 - loadIPPluginJar : add dma3
2022-08-27 20:38:47,958 [INFO] IPUIPlugin:79 - create IPUIPlugin
2022-08-27 20:38:47,958 [INFO] PluginManager:217 - loadIPPluginJar : add fatfs
2022-08-27 20:38:47,964 [INFO] IPUIPlugin:79 - create IPUIPlugin
2022-08-27 20:38:47,964 [INFO] PluginManager:217 - loadIPPluginJar : add fmc
2022-08-27 20:38:47,971 [INFO] IPUIPlugin:79 - create IPUIPlugin
2022-08-27 20:38:47,971 [INFO] PluginManager:217 - loadIPPluginJar : add freertos
2022-08-27 20:38:47,973 [INFO] IPUIPlugin:79 - create IPUIPlugin
2022-08-27 20:38:47,973 [INFO] PluginManager:217 - loadIPPluginJar : add genericplugin
2022-08-27 20:38:47,975 [INFO] IPUIPlugin:79 - create IPUIPlugin
2022-08-27 20:38:47,976 [INFO] PluginManager:217 - loadIPPluginJar : add gfxmmu
2022-08-27 20:38:47,981 [INFO] IPUIPlugin:79 - create IPUIPlugin
2022-08-27 20:38:47,982 [INFO] PluginManager:217 - loadIPPluginJar : add gic
2022-08-27 20:38:47,986 [INFO] IPUIPlugin:79 - create IPUIPlugin
2022-08-27 20:38:47,986 [INFO] PluginManager:217 - loadIPPluginJar : add gpio
2022-08-27 20:38:47,990 [INFO] IPUIPlugin:79 - create IPUIPlugin
2022-08-27 20:38:47,990 [INFO] PluginManager:217 - loadIPPluginJar : add gtzc
2022-08-27 20:38:47,993 [INFO] IPUIPlugin:79 - create IPUIPlugin
2022-08-27 20:38:47,994 [INFO] PluginManager:217 - loadIPPluginJar : add hash
2022-08-27 20:38:47,997 [INFO] IPUIPlugin:79 - create IPUIPlugin
2022-08-27 20:38:47,998 [INFO] PluginManager:217 - loadIPPluginJar : add i2c
2022-08-27 20:38:48,001 [INFO] IPUIPlugin:79 - create IPUIPlugin
2022-08-27 20:38:48,001 [INFO] PluginManager:217 - loadIPPluginJar : add i2s
2022-08-27 20:38:48,005 [INFO] IPUIPlugin:79 - create IPUIPlugin
2022-08-27 20:38:48,005 [INFO] PluginManager:217 - loadIPPluginJar : add ipddr
2022-08-27 20:38:48,013 [INFO] IPUIPlugin:79 - create IPUIPlugin
2022-08-27 20:38:48,013 [INFO] PluginManager:217 - loadIPPluginJar : add linkedlist
2022-08-27 20:38:48,017 [INFO] IPUIPlugin:79 - create IPUIPlugin
2022-08-27 20:38:48,017 [INFO] PluginManager:217 - loadIPPluginJar : add lorawan
2022-08-27 20:38:48,018 [INFO] IPUIPlugin:79 - create IPUIPlugin
2022-08-27 20:38:48,018 [INFO] PluginManager:217 - loadIPPluginJar : add ltdc
2022-08-27 20:38:48,029 [INFO] IPUIPlugin:79 - create IPUIPlugin
2022-08-27 20:38:48,030 [INFO] PluginManager:217 - loadIPPluginJar : add mdma
2022-08-27 20:38:48,033 [INFO] IPUIPlugin:79 - create IPUIPlugin
2022-08-27 20:38:48,033 [INFO] PluginManager:217 - loadIPPluginJar : add nvic
2022-08-27 20:38:48,035 [INFO] IPUIPlugin:79 - create IPUIPlugin
2022-08-27 20:38:48,035 [INFO] PluginManager:217 - loadIPPluginJar : add opamp
2022-08-27 20:38:48,038 [INFO] IPUIPlugin:79 - create IPUIPlugin
2022-08-27 20:38:48,038 [INFO] PluginManager:217 - loadIPPluginJar : add openamp
2022-08-27 20:38:48,042 [INFO] IPUIPlugin:79 - create IPUIPlugin
2022-08-27 20:38:48,042 [INFO] PluginManager:217 - loadIPPluginJar : add pdm2pcm
2022-08-27 20:38:48,047 [INFO] IPUIPlugin:79 - create IPUIPlugin
2022-08-27 20:38:48,050 [INFO] PluginManager:217 - loadIPPluginJar : add plateformsettings
2022-08-27 20:38:48,051 [INFO] IPUIPlugin:79 - create IPUIPlugin
2022-08-27 20:38:48,051 [INFO] PluginManager:217 - loadIPPluginJar : add quadspi
2022-08-27 20:38:48,068 [INFO] IPUIPlugin:79 - create IPUIPlugin
2022-08-27 20:38:48,069 [INFO] PluginManager:217 - loadIPPluginJar : add resmgrutility
2022-08-27 20:38:48,072 [INFO] IPUIPlugin:79 - create IPUIPlugin
2022-08-27 20:38:48,072 [INFO] PluginManager:217 - loadIPPluginJar : add sai
2022-08-27 20:38:48,074 [INFO] IPUIPlugin:79 - create IPUIPlugin
2022-08-27 20:38:48,074 [INFO] PluginManager:217 - loadIPPluginJar : add spi
2022-08-27 20:38:48,078 [INFO] IPUIPlugin:79 - create IPUIPlugin
2022-08-27 20:38:48,078 [INFO] PluginManager:217 - loadIPPluginJar : add stm32_wpan
2022-08-27 20:38:48,080 [INFO] IPUIPlugin:79 - create IPUIPlugin
2022-08-27 20:38:48,081 [INFO] PluginManager:217 - loadIPPluginJar : add tim
2022-08-27 20:38:48,084 [INFO] IPUIPlugin:79 - create IPUIPlugin
2022-08-27 20:38:48,084 [INFO] PluginManager:217 - loadIPPluginJar : add touchsensing
2022-08-27 20:38:48,087 [INFO] IPUIPlugin:79 - create IPUIPlugin
2022-08-27 20:38:48,087 [INFO] PluginManager:217 - loadIPPluginJar : add tracer_emb
2022-08-27 20:38:48,089 [INFO] IPUIPlugin:79 - create IPUIPlugin
2022-08-27 20:38:48,090 [INFO] PluginManager:217 - loadIPPluginJar : add ts
2022-08-27 20:38:48,091 [INFO] IPUIPlugin:79 - create IPUIPlugin
2022-08-27 20:38:48,091 [INFO] PluginManager:217 - loadIPPluginJar : add tsc
2022-08-27 20:38:48,093 [INFO] IPUIPlugin:79 - create IPUIPlugin
2022-08-27 20:38:48,093 [INFO] PluginManager:217 - loadIPPluginJar : add ucpd
2022-08-27 20:38:48,096 [INFO] IPUIPlugin:79 - create IPUIPlugin
2022-08-27 20:38:48,096 [INFO] PluginManager:217 - loadIPPluginJar : add usart
2022-08-27 20:38:48,099 [INFO] IPUIPlugin:79 - create IPUIPlugin
2022-08-27 20:38:48,100 [INFO] PluginManager:217 - loadIPPluginJar : add usbx
2022-08-27 20:38:48,476 [FATAL] Updater:301 - Updater called before beeing initialized
2022-08-27 20:38:48,737 [FATAL] Updater:301 - Updater called before beeing initialized
2022-08-27 20:38:48,748 [INFO] DbMcusAds:52 - JSON generation date=Thu Sep 30 01:55:09 CDT 2021 (1632984909377)
2022-08-27 20:38:48,749 [FATAL] Updater:301 - Updater called before beeing initialized
2022-08-27 20:38:48,805 [WARN] DetailPanel:344 - Failed to get advertising image, set to default
2022-08-27 20:38:49,048 [FATAL] Updater:301 - Updater called before beeing initialized
2022-08-27 20:38:49,051 [FATAL] Updater:301 - Updater called before beeing initialized
2022-08-27 20:38:49,051 [FATAL] Updater:301 - Updater called before beeing initialized
2022-08-27 20:38:49,051 [WARN] DetailPanel:344 - Failed to get advertising image, set to default
2022-08-27 20:38:49,053 [FATAL] Updater:301 - Updater called before beeing initialized
2022-08-27 20:38:49,142 [ERROR] Updater:1105 - MainUpdater not yet initialized. External WinMGr cannot be set.
2022-08-27 20:38:49,145 [INFO] Updater:1041 - Updater Version found : 6.6.1
2022-08-27 20:38:49,169 [INFO] ApplicationProperties:181 - Using Application install path: C:\ST\STM32CubeIDE_1.10.1\STM32CubeIDE\plugins\com.st.stm32cube.common.mx_6.6.1.202207061420
2022-08-27 20:38:49,338 [INFO] MainUpdater:2768 - connection check result : 10
2022-08-27 20:38:49,340 [INFO] MainUpdater:280 - Updater Check For Update Now.
2022-08-27 20:38:49,341 [INFO] MicroXplorer:481 - Change Database Version : DB.6.0.60
2022-08-27 20:38:49,549 [INFO] CheckServerUpdateThread:119 - End of CheckServer Thread
2022-08-27 20:38:49,576 [INFO] MainUpdater:2768 - connection check result : 10
2022-08-27 20:38:50,005 [INFO] McuFinderGlobals:57 - Set McuFinderConnectedMode to true
2022-08-27 20:38:50,023 [INFO] MultiScanPanel:195 - Auto-refresh data requested => check proxy status ongoing
2022-08-27 20:38:50,037 [INFO] FinderPluginLoader:92 - Searching for filters in installed packs
2022-08-27 20:38:50,208 [INFO] ApiDb:576 - Connected to CubeFinder SQLite database (C:\Users\DELL\.stmcufinder\plugins\mcufinder\mcu\cube-finder-db.db)
2022-08-27 20:38:50,255 [INFO] ApiDb:663 - CubeFinder database Data Model version=2.1
2022-08-27 20:38:50,255 [INFO] ApiDb:664 - CubeFinder database Configuration version=3.0.32
2022-08-27 20:38:50,256 [INFO] ApiDb:665 - CubeFinder database generation date=2022-08-05 (1659688109)
2022-08-27 20:38:50,257 [INFO] ApiDb:666 - CubeFinder database FW Pack versions=[STM32Cube_FW_C0_V1.0.0, STM32Cube_FW_F4_V1.27.1, STM32Cube_FW_F7_V1.17.0, STM32Cube_FW_G0_V1.6.1, STM32Cube_FW_G4_V1.5.0, STM32Cube_FW_H7_V1.10.0, STM32Cube_FW_L5_V1.4.0, STM32Cube_FW_U5_V1.1.1, STM32Cube_FW_WB_V1.14.1, STM32Cube_FW_WL_V1.2.0, X-CUBE-ALGOBUILD_V1.3.0, X-CUBE-ALS_V1.0.1, X-CUBE-AZRTOS-F4_V1.1.0, X-CUBE-AZRTOS-F7_V1.1.0, X-CUBE-AZRTOS-G0_V1.1.0, X-CUBE-AZRTOS-G4_V1.0.0, X-CUBE-AZRTOS-H7_V2.1.0, X-CUBE-AZRTOS-L4_V1.0.0, X-CUBE-AZRTOS-L5_V1.0.0, X-CUBE-AZRTOS-WL_V1.0.0, X-CUBE-BLE1_V6.2.3, X-CUBE-BLE2_V3.3.0, X-CUBE-EEPRMA1_V3.1.1, X-CUBE-GNSS1_V6.0.0, X-CUBE-MEMS1_V9.1.0, X-CUBE-MEMS1_V9.3.0, X-CUBE-NFC4_V2.0.4, X-CUBE-NFC7_V1.0.0, X-CUBE-SFXS2LP1_V4.0.0, X-CUBE-SUBG2_V5.0.0]
2022-08-27 20:38:50,456 [WARN] PackLoader:242 - Cannot read IP mode file for STMicroelectronics.X-CUBE-GNSS1.6.0.0
2022-08-27 20:38:50,611 [WARN] PackLoader:242 - Cannot read IP mode file for STMicroelectronics.X-CUBE-AZRTOS-F4.1.1.0
2022-08-27 20:38:50,727 [WARN] PackLoader:242 - Cannot read IP mode file for STMicroelectronics.X-CUBE-AZRTOS-F7.1.1.0
2022-08-27 20:38:50,755 [WARN] PackLoader:242 - Cannot read IP mode file for STMicroelectronics.X-CUBE-BLE1.6.2.3
2022-08-27 20:38:50,771 [WARN] PackLoader:242 - Cannot read IP mode file for STMicroelectronics.X-CUBE-NFC4.2.0.4
2022-08-27 20:38:50,853 [WARN] PackLoader:242 - Cannot read IP mode file for STMicroelectronics.X-CUBE-TOF1.3.1.0
2022-08-27 20:38:50,913 [WARN] PackLoader:242 - Cannot read IP mode file for STMicroelectronics.X-CUBE-NFC7.1.0.0
2022-08-27 20:38:51,164 [WARN] PackLoader:242 - Cannot read IP mode file for STMicroelectronics.X-CUBE-MEMS1.9.3.0
2022-08-27 20:38:51,732 [WARN] PackLoader:242 - Cannot read IP mode file for STMicroelectronics.X-CUBE-AI.7.2.0
2022-08-27 20:38:51,748 [WARN] PackLoader:242 - Cannot read IP mode file for STMicroelectronics.X-CUBE-SFXS2LP1.4.0.0
2022-08-27 20:38:51,772 [WARN] PackLoader:242 - Cannot read IP mode file for STMicroelectronics.X-CUBE-BLE2.3.3.0
2022-08-27 20:38:51,803 [WARN] PackLoader:242 - Cannot read IP mode file for STMicroelectronics.X-CUBE-DISPLAY.2.2.0
2022-08-27 20:38:51,833 [WARN] PackLoader:242 - Cannot read IP mode file for STMicroelectronics.X-CUBE-ISPU.1.0.0
2022-08-27 20:38:51,874 [WARN] PackLoader:242 - Cannot read IP mode file for RoweBots.I-CUBE-UNISONRTOS.5.5.0-4
2022-08-27 20:38:51,951 [WARN] PackLoader:242 - Cannot read IP mode file for STMicroelectronics.X-CUBE-AZRTOS-H7.2.1.0
2022-08-27 20:38:51,968 [WARN] PackLoader:242 - Cannot read IP mode file for wolfSSL.I-CUBE-wolfSSL.5.4.0
2022-08-27 20:38:51,996 [WARN] PackLoader:242 - Cannot read IP mode file for STMicroelectronics.X-CUBE-BLEMGR.1.0.0
2022-08-27 20:38:52,015 [WARN] PackLoader:242 - Cannot read IP mode file for STMicroelectronics.X-CUBE-ALGOBUILD.1.3.0
2022-08-27 20:38:52,056 [WARN] PackLoader:242 - Cannot read IP mode file for STMicroelectronics.X-CUBE-AZRTOS-G0.1.1.0
2022-08-27 20:38:52,110 [WARN] PackLoader:242 - Cannot read IP mode file for STMicroelectronics.X-CUBE-SUBG2.5.0.0
2022-08-27 20:38:52,313 [WARN] PackLoader:242 - Cannot read IP mode file for SEGGER.I-CUBE-embOS.1.2.0
2022-08-27 20:38:52,504 [WARN] PackLoader:242 - Cannot read IP mode file for STMicroelectronics.FP-ATR-ASTRA1.1.1.0
2022-08-27 20:38:52,562 [WARN] PackLoader:242 - Cannot read IP mode file for STMicroelectronics.X-CUBE-AZRTOS-G4.1.0.0
2022-08-27 20:38:52,662 [WARN] PackLoader:242 - Cannot read IP mode file for STMicroelectronics.X-CUBE-AZRTOS-L4.1.0.0
2022-08-27 20:38:52,685 [WARN] PackLoader:242 - Cannot read IP mode file for emotas.I-CUBE-CANOPEN.1.1.2
2022-08-27 20:38:52,698 [WARN] PackLoader:242 - Cannot read IP mode file for STMicroelectronics.X-CUBE-TOUCHGFX.4.20.0
2022-08-27 20:38:52,720 [WARN] PackLoader:242 - Cannot read IP mode file for STMicroelectronics.X-CUBE-AZRTOS-WL.1.0.0
2022-08-27 20:38:52,736 [WARN] PackLoader:242 - Cannot read IP mode file for portGmbH.I-Cube-SoM-uGOAL.1.1.0
2022-08-27 20:38:52,743 [WARN] PackLoader:242 - Cannot read IP mode file for STMicroelectronics.X-CUBE-ALS.1.0.1
2022-08-27 20:38:52,803 [WARN] PackLoader:242 - Cannot read IP mode file for STMicroelectronics.X-CUBE-AZRTOS-L5.1.0.0
2022-08-27 20:38:52,822 [WARN] PackLoader:242 - Cannot read IP mode file for STMicroelectronics.X-CUBE-EEPRMA1.3.1.1
2022-08-27 20:38:52,826 [INFO] ThirdParty:929 - Integrity check success = true
2022-08-27 20:38:52,830 [INFO] IntegrityCheckThread:98 - exiting critical section [integrity check]
2022-08-27 20:38:52,830 [INFO] IntegrityCheckThread:101 - End integrity checks thread
2022-08-27 20:38:54,421 [INFO] ApiDb:239 - Found 138 in-development CPN: [B-WB1M-WPAN1, NUCLEO-C031C6, STEVAL-STWINBX1, STM320518-EVAL, STM32C0116-DK, STM32C011D6Y3TR, STM32C011D6Y6TR, STM32C011F4P3, STM32C011F4P6, STM32C011F4U3, STM32C011F4U6TR, STM32C011F6P3, STM32C011F6P6, STM32C011F6U3, STM32C011F6U6TR, STM32C011J4M3, STM32C011J4M6, STM32C011J6M3, STM32C011J6M6, STM32C0316-DK, STM32C031C4T3, STM32C031C4T6, STM32C031C4U3, STM32C031C4U6, STM32C031C6T3, STM32C031C6T6, STM32C031C6U3, STM32C031C6U6, STM32C031F4P3, STM32C031F4P6, STM32C031F6P3, STM32C031F6P6, STM32C031G4U3, STM32C031G4U6, STM32C031G6U3, STM32C031G6U6, STM32C031K4T3, STM32C031K4T6, STM32C031K4U3, STM32C031K4U6, STM32C031K6T3, STM32C031K6T6, STM32C031K6U3, STM32C031K6U6, STM32G071K8TXN, STM32G071K8UXN, STM32G081GBU6N, STM32G081KBT6N, STM32G081KBUXN, STM32G0B1CCT6N, STM32G0B1KCT6, STM32G0B1NEY6TR, STM32G0B1RCT6N, STM32G0C1CCT6, STM32G0C1CCT6N, STM32G0C1CCU6N, STM32G0C1CET6N, STM32G0C1CEU6N, STM32G0C1KCT6, STM32G0C1NEY6TR, STM32G0C1RCI6N, STM32G0C1RCT6N, STM32G0C1REI6N, STM32G0C1RET6N, STM32G0C1VCI6, STM32G0C1VEI6, STM32G471CCT6, STM32G471CCU6, STM32G471CET3, STM32G471CET6, STM32G471CEU3, STM32G471CEU6, STM32G471MCT6, STM32G471MET3, STM32G471MET6, STM32G471MEY6TR, STM32G471QCT6, STM32G471QET3, STM32G471RCT6, STM32G471RET3, STM32G471RET6, STM32G471VCH6, STM32G471VCI6, STM32G471VCT6, STM32G471VEH3, STM32G471VEH6, STM32G471VEI3, STM32G471VEI6, STM32G471VET3, STM32G471VET6, STM32G474CCT6, STM32L476VGY6PTR, STM32L4R5QGI6STR, STM32MP131AAE3, STM32MP131AAF3, STM32MP131AAG3, STM32MP131CAE3, STM32MP131CAF3, STM32MP131CAG3, STM32MP131DAE7, STM32MP131DAF7, STM32MP131DAG7, STM32MP131FAE7, STM32MP131FAF7, STM32MP131FAG7, STM32MP133AAE3, STM32MP133AAF3, STM32MP133AAG3, STM32MP133CAE3, STM32MP133CAF3, STM32MP133CAG3, STM32MP133DAE7, STM32MP133DAF7, STM32MP133DAG7, STM32MP133FAE7, STM32MP133FAF7, STM32MP133FAG7, STM32MP135AAE3, STM32MP135AAF3, STM32MP135AAG3, STM32MP135CAE3, STM32MP135CAF3, STM32MP135CAG3, STM32MP135DAE7, STM32MP135DAF7, STM32MP135DAG7, STM32MP135F-DK, STM32MP135FAE7, STM32MP135FAF7, STM32MP135FAG7, STM32U595ZJT6Q, STM32U599BJY6QTR, STM32U599NIH6Q, STM32U599NJH6Q, STM32U5A5ZJT6Q, STM32U5A9BJY6QTR, STM32U5A9NJH6Q, STM32WB1MMCH6]
2022-08-27 20:38:54,425 [INFO] DbMcus:215 - Found 3542 MCUs, 3542 are supported
2022-08-27 20:38:54,429 [INFO] ApiDb:418 - Load user favorites file C:\Users\DELL/.stm32cubeide/favorites.mcus.txt: 0 item(s)
2022-08-27 20:38:54,429 [INFO] ApiDb:422 - User favorites MCUs=[]
2022-08-27 20:38:54,429 [INFO] DbMcus:221 - Set 0 / 0 favorites MCUs
2022-08-27 20:38:56,690 [INFO] LoadUrlFilesThread:177 - End of LoadServerUrlFiles without Thread
2022-08-27 20:38:56,721 [INFO] DetailPanel:339 - Set advertising image to C:/Users/DELL/STM32Cube/Repository/\en.Prom_NBSTM32U50921.jpg
2022-08-27 20:38:58,035 [INFO] MultiScanPanel:778 - Auto Refresh Data is not needed
2022-08-27 20:38:58,054 [INFO] ApiDb:663 - CubeFinder database Data Model version=2.1
2022-08-27 20:38:58,054 [INFO] ApiDb:664 - CubeFinder database Configuration version=3.0.32
2022-08-27 20:38:58,054 [INFO] ApiDb:665 - CubeFinder database generation date=2022-08-05 (1659688109)
2022-08-27 20:38:58,055 [INFO] ApiDb:666 - CubeFinder database FW Pack versions=[STM32Cube_FW_C0_V1.0.0, STM32Cube_FW_F4_V1.27.1, STM32Cube_FW_F7_V1.17.0, STM32Cube_FW_G0_V1.6.1, STM32Cube_FW_G4_V1.5.0, STM32Cube_FW_H7_V1.10.0, STM32Cube_FW_L5_V1.4.0, STM32Cube_FW_U5_V1.1.1, STM32Cube_FW_WB_V1.14.1, STM32Cube_FW_WL_V1.2.0, X-CUBE-ALGOBUILD_V1.3.0, X-CUBE-ALS_V1.0.1, X-CUBE-AZRTOS-F4_V1.1.0, X-CUBE-AZRTOS-F7_V1.1.0, X-CUBE-AZRTOS-G0_V1.1.0, X-CUBE-AZRTOS-G4_V1.0.0, X-CUBE-AZRTOS-H7_V2.1.0, X-CUBE-AZRTOS-L4_V1.0.0, X-CUBE-AZRTOS-L5_V1.0.0, X-CUBE-AZRTOS-WL_V1.0.0, X-CUBE-BLE1_V6.2.3, X-CUBE-BLE2_V3.3.0, X-CUBE-EEPRMA1_V3.1.1, X-CUBE-GNSS1_V6.0.0, X-CUBE-MEMS1_V9.1.0, X-CUBE-MEMS1_V9.3.0, X-CUBE-NFC4_V2.0.4, X-CUBE-NFC7_V1.0.0, X-CUBE-SFXS2LP1_V4.0.0, X-CUBE-SUBG2_V5.0.0]
2022-08-27 20:38:58,208 [INFO] DbBoardsSqlite:227 - include board P-NUCLEO-WB55-NUCLEO as a kit item of type 'Nucleo-64'
2022-08-27 20:38:58,209 [INFO] DbBoardsSqlite:227 - include board P-NUCLEO-WB55-USBDONGLE as a kit item of type 'Nucleo USB Dongle'
2022-08-27 20:38:58,209 [INFO] DbBoardsSqlite:227 - include board STEVAL-IDP005V1 as a kit item of type 'Evaluation Board'
2022-08-27 20:38:58,210 [INFO] DbBoardsSqlite:227 - include board STEVAL-IDP005V2 as a kit item of type 'Evaluation Board'
2022-08-27 20:38:58,237 [INFO] ApiDb:239 - Found 138 in-development CPN: [B-WB1M-WPAN1, NUCLEO-C031C6, STEVAL-STWINBX1, STM320518-EVAL, STM32C0116-DK, STM32C011D6Y3TR, STM32C011D6Y6TR, STM32C011F4P3, STM32C011F4P6, STM32C011F4U3, STM32C011F4U6TR, STM32C011F6P3, STM32C011F6P6, STM32C011F6U3, STM32C011F6U6TR, STM32C011J4M3, STM32C011J4M6, STM32C011J6M3, STM32C011J6M6, STM32C0316-DK, STM32C031C4T3, STM32C031C4T6, STM32C031C4U3, STM32C031C4U6, STM32C031C6T3, STM32C031C6T6, STM32C031C6U3, STM32C031C6U6, STM32C031F4P3, STM32C031F4P6, STM32C031F6P3, STM32C031F6P6, STM32C031G4U3, STM32C031G4U6, STM32C031G6U3, STM32C031G6U6, STM32C031K4T3, STM32C031K4T6, STM32C031K4U3, STM32C031K4U6, STM32C031K6T3, STM32C031K6T6, STM32C031K6U3, STM32C031K6U6, STM32G071K8TXN, STM32G071K8UXN, STM32G081GBU6N, STM32G081KBT6N, STM32G081KBUXN, STM32G0B1CCT6N, STM32G0B1KCT6, STM32G0B1NEY6TR, STM32G0B1RCT6N, STM32G0C1CCT6, STM32G0C1CCT6N, STM32G0C1CCU6N, STM32G0C1CET6N, STM32G0C1CEU6N, STM32G0C1KCT6, STM32G0C1NEY6TR, STM32G0C1RCI6N, STM32G0C1RCT6N, STM32G0C1REI6N, STM32G0C1RET6N, STM32G0C1VCI6, STM32G0C1VEI6, STM32G471CCT6, STM32G471CCU6, STM32G471CET3, STM32G471CET6, STM32G471CEU3, STM32G471CEU6, STM32G471MCT6, STM32G471MET3, STM32G471MET6, STM32G471MEY6TR, STM32G471QCT6, STM32G471QET3, STM32G471RCT6, STM32G471RET3, STM32G471RET6, STM32G471VCH6, STM32G471VCI6, STM32G471VCT6, STM32G471VEH3, STM32G471VEH6, STM32G471VEI3, STM32G471VEI6, STM32G471VET3, STM32G471VET6, STM32G474CCT6, STM32L476VGY6PTR, STM32L4R5QGI6STR, STM32MP131AAE3, STM32MP131AAF3, STM32MP131AAG3, STM32MP131CAE3, STM32MP131CAF3, STM32MP131CAG3, STM32MP131DAE7, STM32MP131DAF7, STM32MP131DAG7, STM32MP131FAE7, STM32MP131FAF7, STM32MP131FAG7, STM32MP133AAE3, STM32MP133AAF3, STM32MP133AAG3, STM32MP133CAE3, STM32MP133CAF3, STM32MP133CAG3, STM32MP133DAE7, STM32MP133DAF7, STM32MP133DAG7, STM32MP133FAE7, STM32MP133FAF7, STM32MP133FAG7, STM32MP135AAE3, STM32MP135AAF3, STM32MP135AAG3, STM32MP135CAE3, STM32MP135CAF3, STM32MP135CAG3, STM32MP135DAE7, STM32MP135DAF7, STM32MP135DAG7, STM32MP135F-DK, STM32MP135FAE7, STM32MP135FAF7, STM32MP135FAG7, STM32U595ZJT6Q, STM32U599BJY6QTR, STM32U599NIH6Q, STM32U599NJH6Q, STM32U5A5ZJT6Q, STM32U5A9BJY6QTR, STM32U5A9NJH6Q, STM32WB1MMCH6]
2022-08-27 20:38:58,532 [INFO] BoardInfo:879 - No configuration file found for board P-NUCLEO-WB55
2022-08-27 20:38:58,533 [INFO] DbBoards:156 - Kit is not supported: P-NUCLEO-WB55
2022-08-27 20:38:58,550 [INFO] BoardInfo:879 - No configuration file found for board STEVAL-BFA001V1B
2022-08-27 20:38:58,550 [INFO] DbBoards:156 - Kit is not supported: STEVAL-BFA001V1B
2022-08-27 20:38:58,554 [INFO] BoardInfo:879 - No configuration file found for board STEVAL-BFA001V2B
2022-08-27 20:38:58,554 [INFO] DbBoards:156 - Kit is not supported: STEVAL-BFA001V2B
2022-08-27 20:38:58,783 [INFO] DbBoards:160 - Found 176 boards, 173 are supported
2022-08-27 20:38:58,791 [INFO] ApiDb:418 - Load user favorites file C:\Users\DELL/.stm32cubeide/favorites.boards.txt: 0 item(s)
2022-08-27 20:38:58,791 [INFO] ApiDb:422 - User favorites Boards=[]
2022-08-27 20:38:58,791 [INFO] DbBoards:189 - Set 0 / 0 favorites Boards
2022-08-27 20:39:29,114 [INFO] MainUpdater:2768 - connection check result : 10
2022-08-27 20:39:29,115 [INFO] MainUpdater:2768 - connection check result : 10
2022-08-27 20:39:29,174 [INFO] MicroXplorer:451 - Change Database Path : 
2022-08-27 20:39:29,176 [INFO] MicroXplorer:481 - Change Database Version : DB.6.0.60
2022-08-27 20:39:29,178 [WARN] ThirdParty:827 - waiting for thirdparty lock release [close project]
2022-08-27 20:39:29,178 [INFO] ThirdParty:829 - entering critical section [close project]
2022-08-27 20:39:29,182 [INFO] ThirdParty:839 - exiting critical section [close project]
2022-08-27 20:39:29,191 [INFO] PinOutPanel:1468 - setPackage(No Configuration,No Configuration)
2022-08-27 20:39:29,208 [INFO] UtilMem:74 - Begin LoadConfig() Used Memory: 449238984 Bytes (713031680)
2022-08-27 20:39:29,211 [INFO] MicroXplorer:451 - Change Database Path : 
2022-08-27 20:39:29,211 [INFO] MicroXplorer:481 - Change Database Version : DB.6.0.60
2022-08-27 20:39:29,212 [INFO] OpenFileManager:307 - Change cursor
2022-08-27 20:39:29,462 [INFO] Mcu:1922 - Initializing MCU STM32F401RETx STM32F401RETx 
2022-08-27 20:39:29,495 [INFO] Mcu:1935 - No CPN specified => set CPN to STM32F401RET6
2022-08-27 20:39:33,357 [INFO] Context:654 - Trying to add GPIOservice into a context  which must be forbidden
2022-08-27 20:39:33,945 [INFO] ImportTextPane:193 - (OptionalMessage_ERROR) Unable to find key (Mcu.ThirdPartyNb) in loaded IOC file
2022-08-27 20:39:33,945 [INFO] ImportTextPane:193 - (OptionalMessage_ERROR) Unable to find key (Mcu.PinsNb) in loaded IOC file
2022-08-27 20:39:33,946 [INFO] ImportTextPane:193 - (OptionalMessage_ERROR) Unable to find key (Mcu.IPNb) in loaded IOC file
2022-08-27 20:39:34,084 [WARN] ApiManager:308 - Cannot register API 'Board Extension:GNSS1A1' from pack STMicroelectronics.X-CUBE-GNSS1.6.0.0: no header file found
2022-08-27 20:39:34,084 [WARN] ApiManager:308 - Cannot register API 'Board Support:Custom' from pack STMicroelectronics.X-CUBE-GNSS1.6.0.0: no header file found
2022-08-27 20:39:34,084 [WARN] ApiManager:308 - Cannot register API 'Data Exchange:lib_gnss' from pack STMicroelectronics.X-CUBE-GNSS1.6.0.0: no header file found
2022-08-27 20:39:34,109 [WARN] ApiManager:308 - Cannot register API 'Wireless:BlueNRG-MS' from pack STMicroelectronics.X-CUBE-BLE1.6.2.3: no header file found
2022-08-27 20:39:34,113 [INFO] RtosManager:488 - Registered RTOS mode: class=CMSIS, group=RTOS, mode=CMSIS_V1, owner=FREERTOS
2022-08-27 20:39:34,113 [INFO] RtosManager:488 - Registered RTOS mode: class=CMSIS, group=RTOS2, mode=CMSIS_V2, owner=FREERTOS
2022-08-27 20:39:34,114 [INFO] RtosManager:488 - Registered RTOS mode: class=RTOS, group=Core, mode=CMSIS_V1, owner=FREERTOS
2022-08-27 20:39:34,114 [INFO] RtosManager:488 - Registered RTOS mode: class=RTOS, group=Core, mode=CMSIS_V2, owner=FREERTOS
2022-08-27 20:39:34,114 [WARN] ModelIntegratedComponent:185 - Missing modes for component STMicroelectronics:FreeRTOS:0.0.1:STMicroelectronics:RTOS:FreeRTOS:Core:::10.2.0:
2022-08-27 20:39:34,127 [WARN] ApiManager:308 - Cannot register API 'Board Extension:S2868A1' from pack STMicroelectronics.X-CUBE-SUBG2.5.0.0: no header file found
2022-08-27 20:39:34,127 [WARN] ApiManager:308 - Cannot register API 'Board Extension:S2868A2' from pack STMicroelectronics.X-CUBE-SUBG2.5.0.0: no header file found
2022-08-27 20:39:34,127 [WARN] ApiManager:308 - Cannot register API 'Board Extension:S2915A1' from pack STMicroelectronics.X-CUBE-SUBG2.5.0.0: no header file found
2022-08-27 20:39:34,142 [WARN] ApiManager:308 - Cannot register API 'Board Extension:NFC04A1' from pack STMicroelectronics.X-CUBE-NFC4.2.0.4: no header file found
2022-08-27 20:39:34,160 [WARN] ModelIntegratedComponent:64 - No mode defined for component null
2022-08-27 20:39:34,161 [WARN] ModelIntegratedComponent:64 - No mode defined for component null
2022-08-27 20:39:34,161 [WARN] ModelIntegratedComponent:64 - No mode defined for component null
2022-08-27 20:39:34,162 [WARN] ModelIntegratedComponent:64 - No mode defined for component null
2022-08-27 20:39:34,162 [WARN] ModelIntegratedComponent:64 - No mode defined for component null
2022-08-27 20:39:34,162 [WARN] ModelIntegratedComponent:64 - No mode defined for component null
2022-08-27 20:39:34,162 [WARN] ModelIntegratedComponent:64 - No mode defined for component null
2022-08-27 20:39:34,163 [WARN] ModelIntegratedComponent:64 - No mode defined for component null
2022-08-27 20:39:34,163 [WARN] ModelIntegratedComponent:64 - No mode defined for component null
2022-08-27 20:39:34,163 [WARN] ModelIntegratedComponent:64 - No mode defined for component null
2022-08-27 20:39:34,163 [WARN] ModelIntegratedComponent:64 - No mode defined for component null
2022-08-27 20:39:34,163 [WARN] ModelIntegratedComponent:64 - No mode defined for component null
2022-08-27 20:39:34,163 [WARN] ModelIntegratedComponent:64 - No mode defined for component null
2022-08-27 20:39:34,163 [WARN] ModelIntegratedComponent:64 - No mode defined for component null
2022-08-27 20:39:34,164 [WARN] ModelIntegratedComponent:64 - No mode defined for component null
2022-08-27 20:39:34,164 [WARN] ModelIntegratedComponent:64 - No mode defined for component null
2022-08-27 20:39:34,164 [WARN] ModelIntegratedComponent:64 - No mode defined for component null
2022-08-27 20:39:34,164 [WARN] ModelIntegratedComponent:64 - No mode defined for component null
2022-08-27 20:39:34,164 [WARN] ModelIntegratedComponent:64 - No mode defined for component null
2022-08-27 20:39:34,164 [WARN] ModelIntegratedComponent:64 - No mode defined for component null
2022-08-27 20:39:34,164 [WARN] ModelIntegratedComponent:64 - No mode defined for component null
2022-08-27 20:39:34,164 [WARN] ModelIntegratedComponent:64 - No mode defined for component null
2022-08-27 20:39:34,164 [WARN] ModelIntegratedComponent:64 - No mode defined for component null
2022-08-27 20:39:34,165 [WARN] ModelIntegratedComponent:64 - No mode defined for component null
2022-08-27 20:39:34,165 [WARN] ModelIntegratedComponent:64 - No mode defined for component null
2022-08-27 20:39:34,165 [WARN] ModelIntegratedComponent:64 - No mode defined for component null
2022-08-27 20:39:34,165 [WARN] ModelIntegratedComponent:64 - No mode defined for component null
2022-08-27 20:39:34,165 [WARN] ModelIntegratedComponent:64 - No mode defined for component null
2022-08-27 20:39:34,165 [WARN] ModelIntegratedComponent:64 - No mode defined for component null
2022-08-27 20:39:34,165 [WARN] ModelIntegratedComponent:64 - No mode defined for component null
2022-08-27 20:39:34,165 [WARN] ModelIntegratedComponent:64 - No mode defined for component null
2022-08-27 20:39:34,165 [WARN] ModelIntegratedComponent:64 - No mode defined for component null
2022-08-27 20:39:34,166 [WARN] ModelIntegratedComponent:64 - No mode defined for component null
2022-08-27 20:39:34,170 [WARN] ApiManager:308 - Cannot register API 'Board Extension:NFC07A1' from pack STMicroelectronics.X-CUBE-NFC7.1.0.0: no header file found
2022-08-27 20:39:34,523 [WARN] ApiManager:308 - Cannot register API 'Board Extension:IKS01A3' from pack STMicroelectronics.X-CUBE-MEMS1.9.3.0: no header file found
2022-08-27 20:39:34,523 [WARN] ApiManager:308 - Cannot register API 'Board Extension:IKS01A2' from pack STMicroelectronics.X-CUBE-MEMS1.9.3.0: no header file found
2022-08-27 20:39:34,524 [WARN] ApiManager:308 - Cannot register API 'Board Extension:IKS02A1' from pack STMicroelectronics.X-CUBE-MEMS1.9.3.0: no header file found
2022-08-27 20:39:34,544 [WARN] ApiManager:308 - Cannot register API 'Board Extension:EEPRMA1' from pack STMicroelectronics.X-CUBE-EEPRMA1.3.1.1: no header file found
2022-08-27 20:39:34,545 [WARN] ApiManager:308 - Cannot register API 'Board Extension:EEPRMA2' from pack STMicroelectronics.X-CUBE-EEPRMA1.3.1.1: no header file found
2022-08-27 20:39:34,548 [WARN] ApiManager:308 - Cannot register API 'Board Extension:S2868A1' from pack STMicroelectronics.X-CUBE-SFXS2LP1.4.0.0: no header file found
2022-08-27 20:39:34,548 [WARN] ApiManager:308 - Cannot register API 'Board Extension:S2868A2' from pack STMicroelectronics.X-CUBE-SFXS2LP1.4.0.0: no header file found
2022-08-27 20:39:34,548 [WARN] ApiManager:308 - Cannot register API 'Board Extension:S2915A1' from pack STMicroelectronics.X-CUBE-SFXS2LP1.4.0.0: no header file found
2022-08-27 20:39:34,550 [WARN] ApiManager:308 - Cannot register API 'Wireless:BlueNRG-2' from pack STMicroelectronics.X-CUBE-BLE2.3.3.0: no header file found
2022-08-27 20:39:34,569 [INFO] ThirdPartyModel:289 - Start build external matchings
2022-08-27 20:39:35,279 [INFO] ThirdPartyModel:302 - End build external matchings
2022-08-27 20:39:35,979 [INFO] UtilMem:74 - End LoadConfig() Used Memory: 435101728 Bytes (713031680)
2022-08-27 20:39:36,015 [WARN] ThirdParty:789 - waiting for thirdparty lock release [change project]
2022-08-27 20:39:36,015 [INFO] ThirdParty:791 - entering critical section [change project]
2022-08-27 20:39:36,017 [INFO] ThirdParty:981 - CMSIS Pack Vendor :RoweBots I-CUBE-UNISONRTOS 5.5.0-4
2022-08-27 20:39:36,018 [INFO] ThirdParty:981 - CMSIS Pack Vendor :STMicroelectronics X-CUBE-GNSS1 6.0.0
2022-08-27 20:39:36,019 [INFO] ThirdParty:981 - CMSIS Pack Vendor :STMicroelectronics X-CUBE-AZRTOS-H7 2.1.0
2022-08-27 20:39:36,020 [INFO] ThirdParty:981 - CMSIS Pack Vendor :STMicroelectronics USB_HOST 2.0.0
2022-08-27 20:39:36,020 [INFO] ThirdParty:981 - CMSIS Pack Vendor :STMicroelectronics X-CUBE-AZRTOS-F4 1.1.0
2022-08-27 20:39:36,020 [INFO] ThirdParty:981 - CMSIS Pack Vendor :STMicroelectronics LIBJPEG 8.0.0
2022-08-27 20:39:36,020 [INFO] ThirdParty:981 - CMSIS Pack Vendor :wolfSSL I-CUBE-wolfSSL 5.4.0
2022-08-27 20:39:36,020 [INFO] ThirdParty:981 - CMSIS Pack Vendor :STMicroelectronics USB_DEVICE 3.0.0
2022-08-27 20:39:36,021 [INFO] ThirdParty:981 - CMSIS Pack Vendor :STMicroelectronics X-CUBE-BLEMGR 1.0.0
2022-08-27 20:39:36,021 [INFO] ThirdParty:981 - CMSIS Pack Vendor :STMicroelectronics X-CUBE-AZRTOS-F7 1.1.0
2022-08-27 20:39:36,021 [INFO] ThirdParty:981 - CMSIS Pack Vendor :STMicroelectronics USB_DEVICE 2.0.0
2022-08-27 20:39:36,021 [INFO] ThirdParty:981 - CMSIS Pack Vendor :STMicroelectronics X-CUBE-BLE1 6.2.3
2022-08-27 20:39:36,021 [INFO] ThirdParty:981 - CMSIS Pack Vendor :STMicroelectronics X-CUBE-ALGOBUILD 1.3.0
2022-08-27 20:39:36,021 [INFO] ThirdParty:981 - CMSIS Pack Vendor :STMicroelectronics FreeRTOS 0.0.1
2022-08-27 20:39:36,021 [INFO] ThirdParty:981 - CMSIS Pack Vendor :STMicroelectronics X-CUBE-AZRTOS-G0 1.1.0
2022-08-27 20:39:36,021 [INFO] ThirdParty:981 - CMSIS Pack Vendor :STMicroelectronics X-CUBE-SUBG2 5.0.0
2022-08-27 20:39:36,021 [INFO] ThirdParty:981 - CMSIS Pack Vendor :SEGGER I-CUBE-embOS 1.2.0
2022-08-27 20:39:36,021 [INFO] ThirdParty:981 - CMSIS Pack Vendor :STMicroelectronics STM32_WPAN 1.0.0
2022-08-27 20:39:36,022 [INFO] ThirdParty:981 - CMSIS Pack Vendor :STMicroelectronics lwIP 2.0.3
2022-08-27 20:39:36,022 [INFO] ThirdParty:981 - CMSIS Pack Vendor :STMicroelectronics X-CUBE-NFC4 2.0.4
2022-08-27 20:39:36,022 [INFO] ThirdParty:981 - CMSIS Pack Vendor :STMicroelectronics USB_HOST 1.0.0
2022-08-27 20:39:36,022 [INFO] ThirdParty:981 - CMSIS Pack Vendor :STMicroelectronics PDM2PCM 3.1.0
2022-08-27 20:39:36,022 [INFO] ThirdParty:981 - CMSIS Pack Vendor :STMicroelectronics PDM2PCM 3.3.0
2022-08-27 20:39:36,022 [INFO] ThirdParty:981 - CMSIS Pack Vendor :STMicroelectronics X-CUBE-TOF1 3.1.0
2022-08-27 20:39:36,023 [INFO] ThirdParty:981 - CMSIS Pack Vendor :STMicroelectronics FP-ATR-ASTRA1 1.1.0
2022-08-27 20:39:36,023 [INFO] ThirdParty:981 - CMSIS Pack Vendor :STMicroelectronics X-CUBE-AZRTOS-G4 1.0.0
2022-08-27 20:39:36,023 [INFO] ThirdParty:981 - CMSIS Pack Vendor :STMicroelectronics X-CUBE-AZRTOS-L4 1.0.0
2022-08-27 20:39:36,023 [INFO] ThirdParty:981 - CMSIS Pack Vendor :STMicroelectronics HAL Drivers 0.0.0
2022-08-27 20:39:36,023 [INFO] ThirdParty:981 - CMSIS Pack Vendor :STMicroelectronics MBEDTLS 2.16.2
2022-08-27 20:39:36,023 [INFO] ThirdParty:981 - CMSIS Pack Vendor :emotas I-CUBE-CANOPEN 1.1.2
2022-08-27 20:39:36,024 [INFO] ThirdParty:981 - CMSIS Pack Vendor :STMicroelectronics X-CUBE-TOUCHGFX 4.20.0
2022-08-27 20:39:36,024 [INFO] ThirdParty:981 - CMSIS Pack Vendor :STMicroelectronics MBEDTLS 2.14.1
2022-08-27 20:39:36,024 [INFO] ThirdParty:981 - CMSIS Pack Vendor :STMicroelectronics X-CUBE-NFC7 1.0.0
2022-08-27 20:39:36,024 [INFO] ThirdParty:981 - CMSIS Pack Vendor :STMicroelectronics X-CUBE-AZRTOS-WL 1.0.0
2022-08-27 20:39:36,024 [INFO] ThirdParty:981 - CMSIS Pack Vendor :STMicroelectronics X-CUBE-MEMS1 9.3.0
2022-08-27 20:39:36,024 [INFO] ThirdParty:981 - CMSIS Pack Vendor :portGmbH I-Cube-SoM-uGOAL 1.1.0
2022-08-27 20:39:36,024 [INFO] ThirdParty:981 - CMSIS Pack Vendor :STMicroelectronics X-CUBE-ALS 1.0.1
2022-08-27 20:39:36,024 [INFO] ThirdParty:981 - CMSIS Pack Vendor :STMicroelectronics X-CUBE-AI 7.2.0
2022-08-27 20:39:36,024 [INFO] ThirdParty:981 - CMSIS Pack Vendor :STMicroelectronics ThreadX 1.0.0
2022-08-27 20:39:36,024 [INFO] ThirdParty:981 - CMSIS Pack Vendor :STMicroelectronics X-CUBE-AZRTOS-L5 1.0.0
2022-08-27 20:39:36,025 [INFO] ThirdParty:981 - CMSIS Pack Vendor :STMicroelectronics USB_DEVICE 1.0.0
2022-08-27 20:39:36,025 [INFO] ThirdParty:981 - CMSIS Pack Vendor :STMicroelectronics X-CUBE-EEPRMA1 3.1.1
2022-08-27 20:39:36,025 [INFO] ThirdParty:981 - CMSIS Pack Vendor :STMicroelectronics ThreadX 0.0.2
2022-08-27 20:39:36,025 [INFO] ThirdParty:981 - CMSIS Pack Vendor :STMicroelectronics lwIP 2.1.2
2022-08-27 20:39:36,025 [INFO] ThirdParty:981 - CMSIS Pack Vendor :STMicroelectronics X-CUBE-SFXS2LP1 4.0.0
2022-08-27 20:39:36,025 [INFO] ThirdParty:981 - CMSIS Pack Vendor :STMicroelectronics X-CUBE-BLE2 3.3.0
2022-08-27 20:39:36,026 [INFO] ThirdParty:981 - CMSIS Pack Vendor :STMicroelectronics X-CUBE-DISPLAY 2.2.0
2022-08-27 20:39:36,026 [INFO] ThirdParty:981 - CMSIS Pack Vendor :STMicroelectronics PDM2PCM 3.2.0
2022-08-27 20:39:36,026 [INFO] ThirdParty:981 - CMSIS Pack Vendor :STMicroelectronics X-CUBE-ISPU 1.0.0
2022-08-27 20:39:36,026 [INFO] ThirdParty:797 - exiting critical section [change project]
2022-08-27 20:39:36,666 [INFO] PinOutPanel:1468 - setPackage(No Configuration,No Configuration)
2022-08-27 20:39:36,668 [INFO] PinOutPanel:1468 - setPackage(STM32F401RETx,LQFP64)
2022-08-27 20:39:37,817 [INFO] UtilMem:74 - Before build in PCC Used Memory: 453534312 Bytes (713031680)
2022-08-27 20:39:39,535 [INFO] UtilMem:74 - After build in PCC Used Memory: 589849288 Bytes (713031680)
2022-08-27 20:39:39,618 [INFO] IPUIPlugin:79 - create IPUIPlugin
2022-08-27 20:39:39,618 [INFO] IPUIPlugin:79 - create IPUIPlugin
2022-08-27 20:39:39,621 [INFO] IPUIPlugin:79 - create IPUIPlugin
2022-08-27 20:39:39,621 [INFO] IPUIPlugin:79 - create IPUIPlugin
2022-08-27 20:39:39,622 [INFO] IPUIPlugin:79 - create IPUIPlugin
2022-08-27 20:39:39,623 [INFO] IPUIPlugin:79 - create IPUIPlugin
2022-08-27 20:39:39,623 [INFO] IPUIPlugin:79 - create IPUIPlugin
2022-08-27 20:39:39,623 [INFO] IPUIPlugin:79 - create IPUIPlugin
2022-08-27 20:39:39,623 [INFO] IPUIPlugin:79 - create IPUIPlugin
2022-08-27 20:39:39,624 [INFO] IPUIPlugin:79 - create IPUIPlugin
2022-08-27 20:39:39,624 [INFO] IPUIPlugin:79 - create IPUIPlugin
2022-08-27 20:39:39,624 [INFO] IPUIPlugin:79 - create IPUIPlugin
2022-08-27 20:39:39,625 [INFO] IPUIPlugin:79 - create IPUIPlugin
2022-08-27 20:39:39,626 [INFO] IPUIPlugin:79 - create IPUIPlugin
2022-08-27 20:39:39,626 [INFO] IPUIPlugin:79 - create IPUIPlugin
2022-08-27 20:39:39,626 [INFO] IPUIPlugin:79 - create IPUIPlugin
2022-08-27 20:39:39,627 [INFO] IPUIPlugin:79 - create IPUIPlugin
2022-08-27 20:39:39,627 [INFO] IPUIPlugin:79 - create IPUIPlugin
2022-08-27 20:39:39,628 [INFO] IPUIPlugin:79 - create IPUIPlugin
2022-08-27 20:39:39,629 [INFO] IPUIPlugin:79 - create IPUIPlugin
2022-08-27 20:39:39,629 [INFO] IPUIPlugin:79 - create IPUIPlugin
2022-08-27 20:39:39,630 [INFO] IPUIPlugin:79 - create IPUIPlugin
2022-08-27 20:39:39,630 [INFO] IPUIPlugin:79 - create IPUIPlugin
2022-08-27 20:39:39,631 [INFO] IPUIPlugin:79 - create IPUIPlugin
2022-08-27 20:39:39,632 [INFO] IPUIPlugin:79 - create IPUIPlugin
2022-08-27 20:39:39,633 [INFO] IPUIPlugin:79 - create IPUIPlugin
2022-08-27 20:39:39,634 [INFO] IPUIPlugin:79 - create IPUIPlugin
2022-08-27 20:39:39,634 [INFO] IPUIPlugin:79 - create IPUIPlugin
2022-08-27 20:39:39,635 [INFO] IPUIPlugin:79 - create IPUIPlugin
2022-08-27 20:39:39,636 [INFO] IPUIPlugin:79 - create IPUIPlugin
2022-08-27 20:39:39,636 [INFO] IPUIPlugin:79 - create IPUIPlugin
2022-08-27 20:39:39,637 [INFO] IPUIPlugin:79 - create IPUIPlugin
2022-08-27 20:39:39,637 [INFO] IPUIPlugin:79 - create IPUIPlugin
2022-08-27 20:39:39,638 [INFO] IPUIPlugin:79 - create IPUIPlugin
2022-08-27 20:39:39,639 [INFO] IPUIPlugin:79 - create IPUIPlugin
2022-08-27 20:39:39,639 [INFO] IPUIPlugin:79 - create IPUIPlugin
2022-08-27 20:39:39,640 [INFO] IPUIPlugin:79 - create IPUIPlugin
2022-08-27 20:39:39,641 [INFO] IPUIPlugin:79 - create IPUIPlugin
2022-08-27 20:39:39,764 [INFO] ApiDbMcu:505 - Load IP Config File for PDM2PCM
2022-08-27 20:39:40,184 [INFO] OpenFileManager:327 - Restore cursor
2022-08-27 20:39:41,537 [INFO] UtilMem:74 - End SaveConfig() Used Memory: 520764720 Bytes (713031680)
2022-08-27 20:39:41,634 [INFO] UtilMem:74 - End SaveConfig() Used Memory: 534396208 Bytes (713031680)
2022-08-27 20:39:42,651 [INFO] BlockDiagram:2753 - set Specific Code input for plugin: NVIC
2022-08-27 20:39:42,652 [INFO] BlockDiagram:2753 - set Specific Code input for plugin: RCC
2022-08-27 20:39:42,661 [INFO] CodeGenerator:690 - code generatio: config db path: C:\ST\STM32CubeIDE_1.10.1\STM32CubeIDE\plugins\com.st.stm32cube.common.mx_6.6.1.202207061420\\db\
2022-08-27 20:39:44,039 [INFO] CodeEngine:245 - oldGeneratedFile, C:\Users\DELL\Desktop\Cornelio\FIME\7mo semestre\Diseno de Sistemas Embebidos\Repo\Diseno-Sistemas-Embebidos\Blink\MXTmpFiles\license.tmp_save
2022-08-27 20:39:45,073 [INFO] CodeEngine:269 - Generated code: C:\Users\DELL\Desktop\Cornelio\FIME\7mo semestre\Diseno de Sistemas Embebidos\Repo\Diseno-Sistemas-Embebidos\Blink\MXTmpFiles\license.tmp
2022-08-27 20:39:45,120 [INFO] CodeEngine:245 - oldGeneratedFile, C:\Users\DELL\Desktop\Cornelio\FIME\7mo semestre\Diseno de Sistemas Embebidos\Repo\Diseno-Sistemas-Embebidos\Blink\Core\Src\stm32f4xx_it.c_save
2022-08-27 20:39:45,429 [INFO] CodeEngine:269 - Generated code: C:\Users\DELL\Desktop\Cornelio\FIME\7mo semestre\Diseno de Sistemas Embebidos\Repo\Diseno-Sistemas-Embebidos\Blink\Core\Src\stm32f4xx_it.c
2022-08-27 20:39:45,460 [INFO] CodeEngine:245 - oldGeneratedFile, C:\Users\DELL\Desktop\Cornelio\FIME\7mo semestre\Diseno de Sistemas Embebidos\Repo\Diseno-Sistemas-Embebidos\Blink\Core\Inc\stm32f4xx_it.h_save
2022-08-27 20:39:45,644 [INFO] CodeEngine:269 - Generated code: C:\Users\DELL\Desktop\Cornelio\FIME\7mo semestre\Diseno de Sistemas Embebidos\Repo\Diseno-Sistemas-Embebidos\Blink\Core\Inc\stm32f4xx_it.h
2022-08-27 20:39:45,775 [INFO] CodeEngine:245 - oldGeneratedFile, C:\Users\DELL\Desktop\Cornelio\FIME\7mo semestre\Diseno de Sistemas Embebidos\Repo\Diseno-Sistemas-Embebidos\Blink\Core\Src\stm32f4xx_hal_msp.c_save
2022-08-27 20:39:46,297 [INFO] CodeEngine:269 - Generated code: C:\Users\DELL\Desktop\Cornelio\FIME\7mo semestre\Diseno de Sistemas Embebidos\Repo\Diseno-Sistemas-Embebidos\Blink\Core\Src\stm32f4xx_hal_msp.c
2022-08-27 20:39:46,310 [INFO] CodeEngine:245 - oldGeneratedFile, C:\Users\DELL\Desktop\Cornelio\FIME\7mo semestre\Diseno de Sistemas Embebidos\Repo\Diseno-Sistemas-Embebidos\Blink\MXTmpFiles\system.tmp_save
2022-08-27 20:39:46,624 [INFO] CodeEngine:269 - Generated code: C:\Users\DELL\Desktop\Cornelio\FIME\7mo semestre\Diseno de Sistemas Embebidos\Repo\Diseno-Sistemas-Embebidos\Blink\MXTmpFiles\system.tmp
2022-08-27 20:39:46,673 [INFO] CodeEngine:245 - oldGeneratedFile, C:\Users\DELL\Desktop\Cornelio\FIME\7mo semestre\Diseno de Sistemas Embebidos\Repo\Diseno-Sistemas-Embebidos\Blink\Core\Inc\stm32f4xx_hal_conf.h_save
2022-08-27 20:39:47,063 [INFO] CodeEngine:269 - Generated code: C:\Users\DELL\Desktop\Cornelio\FIME\7mo semestre\Diseno de Sistemas Embebidos\Repo\Diseno-Sistemas-Embebidos\Blink\Core\Inc\stm32f4xx_hal_conf.h
2022-08-27 20:39:47,232 [INFO] CodeEngine:245 - oldGeneratedFile, C:\Users\DELL\Desktop\Cornelio\FIME\7mo semestre\Diseno de Sistemas Embebidos\Repo\Diseno-Sistemas-Embebidos\Blink\Core\Inc\main.h_save
2022-08-27 20:39:47,644 [INFO] CodeEngine:269 - Generated code: C:\Users\DELL\Desktop\Cornelio\FIME\7mo semestre\Diseno de Sistemas Embebidos\Repo\Diseno-Sistemas-Embebidos\Blink\Core\Inc\main.h
2022-08-27 20:39:47,657 [INFO] CodeEngine:245 - oldGeneratedFile, C:\Users\DELL\Desktop\Cornelio\FIME\7mo semestre\Diseno de Sistemas Embebidos\Repo\Diseno-Sistemas-Embebidos\Blink\Core\Src\main.c_save
2022-08-27 20:39:48,121 [INFO] CodeEngine:269 - Generated code: C:\Users\DELL\Desktop\Cornelio\FIME\7mo semestre\Diseno de Sistemas Embebidos\Repo\Diseno-Sistemas-Embebidos\Blink\Core\Src\main.c
2022-08-27 20:39:50,245 [INFO] ProjectBuilder:2919 - Time for Copy HAL[1] : 785mS.
2022-08-27 20:39:50,270 [INFO] ProjectBuilder:4117 - Project Generator version: 3.17.1
2022-08-27 20:39:51,083 [INFO] ConfigFileManager:1394 - The Die is : DIE433
2022-08-27 20:39:51,105 [INFO] ApiDbMcu:505 - Load IP Config File for FATFS
2022-08-27 20:39:51,117 [INFO] ApiDbMcu:505 - Load IP Config File for FREERTOS
2022-08-27 20:39:51,123 [INFO] ApiDbMcu:505 - Load IP Config File for LIBJPEG
2022-08-27 20:39:51,140 [INFO] ApiDbMcu:505 - Load IP Config File for MBEDTLS
2022-08-27 20:39:51,155 [INFO] ApiDbMcu:505 - Load IP Config File for USB_DEVICE
2022-08-27 20:39:51,163 [INFO] ApiDbMcu:505 - Load IP Config File for USB_HOST
2022-08-27 20:40:00,862 [INFO] ProjectBuilder:4285 - Time for Generating toolchain IDE Files: 10592mS.
2022-08-27 20:40:00,864 [INFO] ProjectBuilder:2790 - Time for Copy CMSIS : 1mS.
2022-08-27 20:40:00,870 [INFO] ProjectBuilder:2790 - Time for Copy CMSIS : 0mS.
2022-08-27 20:40:03,686 [INFO] McuFinderGlobals:57 - Set McuFinderConnectedMode to true
2022-08-27 20:40:03,689 [INFO] ApiDb:443 - Save user favorites file C:\Users\DELL/.stm32cubeide/favorites.mcus.txt: 0 item(s)
2022-08-27 20:40:03,690 [INFO] ApiDb:447 - User favorites MCUs=[]
2022-08-27 20:41:06,757 [INFO] Gpio:272 - dependency for GPIO []
2022-08-27 20:41:27,189 [INFO] UtilMem:74 - End SaveConfig() Used Memory: 643947464 Bytes (792723456)
2022-08-27 20:41:29,035 [INFO] UtilMem:74 - End SaveConfig() Used Memory: 632565408 Bytes (792723456)
2022-08-27 20:41:29,545 [INFO] BlockDiagram:2753 - set Specific Code input for plugin: NVIC
2022-08-27 20:41:29,545 [INFO] BlockDiagram:2753 - set Specific Code input for plugin: GPIO
2022-08-27 20:41:29,546 [INFO] BlockDiagram:2753 - set Specific Code input for plugin: RCC
2022-08-27 20:41:29,547 [INFO] CodeGenerator:690 - code generatio: config db path: C:\ST\STM32CubeIDE_1.10.1\STM32CubeIDE\plugins\com.st.stm32cube.common.mx_6.6.1.202207061420\\db\
2022-08-27 20:41:29,797 [INFO] CodeEngine:245 - oldGeneratedFile, C:\Users\DELL\Desktop\Cornelio\FIME\7mo semestre\Diseno de Sistemas Embebidos\Repo\Diseno-Sistemas-Embebidos\Blink\MXTmpFiles\license.tmp_save
2022-08-27 20:41:29,997 [INFO] CodeEngine:269 - Generated code: C:\Users\DELL\Desktop\Cornelio\FIME\7mo semestre\Diseno de Sistemas Embebidos\Repo\Diseno-Sistemas-Embebidos\Blink\MXTmpFiles\license.tmp
2022-08-27 20:41:30,037 [INFO] CodeEngine:245 - oldGeneratedFile, C:\Users\DELL\Desktop\Cornelio\FIME\7mo semestre\Diseno de Sistemas Embebidos\Repo\Diseno-Sistemas-Embebidos\Blink\MXTmpFiles\gpio.tmp_save
2022-08-27 20:41:30,217 [INFO] CodeEngine:269 - Generated code: C:\Users\DELL\Desktop\Cornelio\FIME\7mo semestre\Diseno de Sistemas Embebidos\Repo\Diseno-Sistemas-Embebidos\Blink\MXTmpFiles\gpio.tmp
2022-08-27 20:41:30,234 [INFO] CodeEngine:245 - oldGeneratedFile, C:\Users\DELL\Desktop\Cornelio\FIME\7mo semestre\Diseno de Sistemas Embebidos\Repo\Diseno-Sistemas-Embebidos\Blink\Core\Src\stm32f4xx_it.c_save
2022-08-27 20:41:30,395 [INFO] CodeEngine:269 - Generated code: C:\Users\DELL\Desktop\Cornelio\FIME\7mo semestre\Diseno de Sistemas Embebidos\Repo\Diseno-Sistemas-Embebidos\Blink\Core\Src\stm32f4xx_it.c
2022-08-27 20:41:30,400 [INFO] CodeEngine:245 - oldGeneratedFile, C:\Users\DELL\Desktop\Cornelio\FIME\7mo semestre\Diseno de Sistemas Embebidos\Repo\Diseno-Sistemas-Embebidos\Blink\Core\Inc\stm32f4xx_it.h_save
2022-08-27 20:41:30,606 [INFO] CodeEngine:269 - Generated code: C:\Users\DELL\Desktop\Cornelio\FIME\7mo semestre\Diseno de Sistemas Embebidos\Repo\Diseno-Sistemas-Embebidos\Blink\Core\Inc\stm32f4xx_it.h
2022-08-27 20:41:30,632 [INFO] CodeEngine:245 - oldGeneratedFile, C:\Users\DELL\Desktop\Cornelio\FIME\7mo semestre\Diseno de Sistemas Embebidos\Repo\Diseno-Sistemas-Embebidos\Blink\Core\Src\stm32f4xx_hal_msp.c_save
2022-08-27 20:41:30,872 [INFO] CodeEngine:269 - Generated code: C:\Users\DELL\Desktop\Cornelio\FIME\7mo semestre\Diseno de Sistemas Embebidos\Repo\Diseno-Sistemas-Embebidos\Blink\Core\Src\stm32f4xx_hal_msp.c
2022-08-27 20:41:30,892 [INFO] CodeEngine:245 - oldGeneratedFile, C:\Users\DELL\Desktop\Cornelio\FIME\7mo semestre\Diseno de Sistemas Embebidos\Repo\Diseno-Sistemas-Embebidos\Blink\MXTmpFiles\system.tmp_save
2022-08-27 20:41:31,132 [INFO] CodeEngine:269 - Generated code: C:\Users\DELL\Desktop\Cornelio\FIME\7mo semestre\Diseno de Sistemas Embebidos\Repo\Diseno-Sistemas-Embebidos\Blink\MXTmpFiles\system.tmp
2022-08-27 20:41:31,148 [INFO] CodeEngine:245 - oldGeneratedFile, C:\Users\DELL\Desktop\Cornelio\FIME\7mo semestre\Diseno de Sistemas Embebidos\Repo\Diseno-Sistemas-Embebidos\Blink\Core\Inc\stm32f4xx_hal_conf.h_save
2022-08-27 20:41:31,386 [INFO] CodeEngine:269 - Generated code: C:\Users\DELL\Desktop\Cornelio\FIME\7mo semestre\Diseno de Sistemas Embebidos\Repo\Diseno-Sistemas-Embebidos\Blink\Core\Inc\stm32f4xx_hal_conf.h
2022-08-27 20:41:31,458 [INFO] CodeEngine:245 - oldGeneratedFile, C:\Users\DELL\Desktop\Cornelio\FIME\7mo semestre\Diseno de Sistemas Embebidos\Repo\Diseno-Sistemas-Embebidos\Blink\Core\Inc\main.h_save
2022-08-27 20:41:31,673 [INFO] CodeEngine:269 - Generated code: C:\Users\DELL\Desktop\Cornelio\FIME\7mo semestre\Diseno de Sistemas Embebidos\Repo\Diseno-Sistemas-Embebidos\Blink\Core\Inc\main.h
2022-08-27 20:41:31,680 [INFO] CodeEngine:245 - oldGeneratedFile, C:\Users\DELL\Desktop\Cornelio\FIME\7mo semestre\Diseno de Sistemas Embebidos\Repo\Diseno-Sistemas-Embebidos\Blink\Core\Src\main.c_save
2022-08-27 20:41:31,955 [INFO] CodeEngine:269 - Generated code: C:\Users\DELL\Desktop\Cornelio\FIME\7mo semestre\Diseno de Sistemas Embebidos\Repo\Diseno-Sistemas-Embebidos\Blink\Core\Src\main.c
2022-08-27 20:41:33,792 [INFO] ProjectBuilder:2919 - Time for Copy HAL[1] : 853mS.
2022-08-27 20:41:33,804 [INFO] ProjectBuilder:4117 - Project Generator version: 3.17.1
2022-08-27 20:41:34,468 [INFO] ConfigFileManager:1394 - The Die is : DIE433
2022-08-27 20:41:41,100 [INFO] ProjectBuilder:4285 - Time for Generating toolchain IDE Files: 7296mS.
2022-08-27 20:41:41,101 [INFO] ProjectBuilder:2790 - Time for Copy CMSIS : 1mS.
2022-08-27 20:41:41,108 [INFO] ProjectBuilder:2790 - Time for Copy CMSIS : 0mS.
2022-08-27 20:42:44,290 [ERROR] ConfigurationRetriever:139 - IOException on connection: connect timed out
